E, [2024-12-29T21:29:14.866088 #31248] ERROR -- Kitchen: ------Exception-------
E, [2024-12-29T21:29:14.866298 #31248] ERROR -- Kitchen: Class: Kitchen::UserError
E, [2024-12-29T21:29:14.866415 #31248] ERROR -- Kitchen: Message: Kitchen YAML file D:/unir/3._Herramientas_Automatizacion_Despliegues_II/Taller_02/kitchen.yml does not exist.
E, [2024-12-29T21:29:14.866515 #31248] ERROR -- Kitchen: ----------------------
E, [2024-12-29T21:29:14.866612 #31248] ERROR -- Kitchen: ------Backtrace-------
E, [2024-12-29T21:29:14.866711 #31248] ERROR -- Kitchen: C:/opscode/chef-workstation/embedded/lib/ruby/gems/3.1.0/gems/test-kitchen-3.6.0/lib/kitchen/loader/yaml.rb:65:in `read'
E, [2024-12-29T21:29:14.866808 #31248] ERROR -- Kitchen: C:/opscode/chef-workstation/embedded/lib/ruby/gems/3.1.0/gems/test-kitchen-3.6.0/lib/kitchen/config.rb:153:in `data'
E, [2024-12-29T21:29:14.868748 #31248] ERROR -- Kitchen: C:/opscode/chef-workstation/embedded/lib/ruby/gems/3.1.0/gems/test-kitchen-3.6.0/lib/kitchen/config.rb:131:in `suites'
E, [2024-12-29T21:29:14.868841 #31248] ERROR -- Kitchen: C:/opscode/chef-workstation/embedded/lib/ruby/gems/3.1.0/gems/test-kitchen-3.6.0/lib/kitchen/config.rb:183:in `filter_instances'
E, [2024-12-29T21:29:14.868930 #31248] ERROR -- Kitchen: C:/opscode/chef-workstation/embedded/lib/ruby/gems/3.1.0/gems/test-kitchen-3.6.0/lib/kitchen/config.rb:142:in `build_instances'
E, [2024-12-29T21:29:14.869041 #31248] ERROR -- Kitchen: C:/opscode/chef-workstation/embedded/lib/ruby/gems/3.1.0/gems/test-kitchen-3.6.0/lib/kitchen/config.rb:116:in `instances'
E, [2024-12-29T21:29:14.869144 #31248] ERROR -- Kitchen: C:/opscode/chef-workstation/embedded/lib/ruby/gems/3.1.0/gems/test-kitchen-3.6.0/lib/kitchen/command.rb:109:in `filtered_instances'
E, [2024-12-29T21:29:14.869231 #31248] ERROR -- Kitchen: C:/opscode/chef-workstation/embedded/lib/ruby/gems/3.1.0/gems/test-kitchen-3.6.0/lib/kitchen/command.rb:139:in `parse_subcommand'
E, [2024-12-29T21:29:14.869319 #31248] ERROR -- Kitchen: C:/opscode/chef-workstation/embedded/lib/ruby/gems/3.1.0/gems/test-kitchen-3.6.0/lib/kitchen/command/list.rb:29:in `call'
E, [2024-12-29T21:29:14.869407 #31248] ERROR -- Kitchen: C:/opscode/chef-workstation/embedded/lib/ruby/gems/3.1.0/gems/test-kitchen-3.6.0/lib/kitchen/cli.rb:52:in `perform'
E, [2024-12-29T21:29:14.869495 #31248] ERROR -- Kitchen: C:/opscode/chef-workstation/embedded/lib/ruby/gems/3.1.0/gems/test-kitchen-3.6.0/lib/kitchen/cli.rb:120:in `list'
E, [2024-12-29T21:29:14.869583 #31248] ERROR -- Kitchen: C:/opscode/chef-workstation/embedded/lib/ruby/gems/3.1.0/gems/thor-1.2.2/lib/thor/command.rb:27:in `run'
E, [2024-12-29T21:29:14.869670 #31248] ERROR -- Kitchen: C:/opscode/chef-workstation/embedded/lib/ruby/gems/3.1.0/gems/thor-1.2.2/lib/thor/invocation.rb:127:in `invoke_command'
E, [2024-12-29T21:29:14.869758 #31248] ERROR -- Kitchen: C:/opscode/chef-workstation/embedded/lib/ruby/gems/3.1.0/gems/thor-1.2.2/lib/thor.rb:392:in `dispatch'
E, [2024-12-29T21:29:14.869846 #31248] ERROR -- Kitchen: C:/opscode/chef-workstation/embedded/lib/ruby/gems/3.1.0/gems/thor-1.2.2/lib/thor/base.rb:485:in `start'
E, [2024-12-29T21:29:14.869946 #31248] ERROR -- Kitchen: C:/opscode/chef-workstation/embedded/lib/ruby/gems/3.1.0/gems/test-kitchen-3.6.0/bin/kitchen:11:in `block in <top (required)>'
E, [2024-12-29T21:29:14.870034 #31248] ERROR -- Kitchen: C:/opscode/chef-workstation/embedded/lib/ruby/gems/3.1.0/gems/test-kitchen-3.6.0/lib/kitchen/errors.rb:183:in `with_friendly_errors'
E, [2024-12-29T21:29:14.870142 #31248] ERROR -- Kitchen: C:/opscode/chef-workstation/embedded/lib/ruby/gems/3.1.0/gems/test-kitchen-3.6.0/bin/kitchen:11:in `<top (required)>'
E, [2024-12-29T21:29:14.870254 #31248] ERROR -- Kitchen: C:/opscode/chef-workstation/bin/kitchen:458:in `load'
E, [2024-12-29T21:29:14.870508 #31248] ERROR -- Kitchen: C:/opscode/chef-workstation/bin/kitchen:458:in `<main>'
E, [2024-12-29T21:29:14.870669 #31248] ERROR -- Kitchen: ----End Backtrace-----
